5m 30s
Run shorebird release android --artifact apk
â ‹ Downloading patch......
âœ“ Downloading patch... (0.1s)
â ‹ Extracting patch......
âœ“ Extracting patch... (0.1s)
â ‹ Downloading bundletool.jar......
âœ“ Downloading bundletool.jar... (0.2s)
â ‹ Extracting bundletool.jar......
âœ“ Extracting bundletool.jar... (1.2s)
â ‹ Downloading aot-tools.dill......
âœ“ Downloading aot-tools.dill... (88ms)
â ‹ Extracting aot-tools.dill......
âœ“ Extracting aot-tools.dill... (0.6s)
â ‹ Fetching apps...
âœ“ Fetching apps (0.3s)
Building Android app bundle with Flutter 3.38.5 (1c01b32970)
Downloading Material fonts...                                      242ms
Downloading Gradle Wrapper...                                       27ms
Downloading package sky_engine...                                   99ms
Downloading package flutter_gpu...                                  29ms
Downloading flutter_patched_sdk tools...                           183ms
Downloading flutter_patched_sdk_product tools...                   173ms
Downloading linux-x64 tools...                                   1,217ms
Downloading linux-x64/font-subset tools...                         107ms
Downloading android-arm-profile/linux-x64 tools...                 107ms
Downloading android-arm-release/linux-x64 tools...                  98ms
Downloading android-arm64-profile/linux-x64 tools...               130ms
Downloading android-arm64-release/linux-x64 tools...               104ms
Downloading android-x64-profile/linux-x64 tools...                 110ms
Downloading android-x64-release/linux-x64 tools...                 103ms
Resolving dependencies...
Downloading packages...
  async 2.11.0 (2.13.0 available)
  boolean_selector 2.1.1 (2.1.2 available)
> characters 1.4.0 (was 1.3.0) (1.4.1 available)
> clock 1.1.2 (was 1.1.1)
> collection 1.19.1 (was 1.19.0)
  crypto 3.0.3 (3.0.7 available)
> fake_async 1.3.3 (was 1.3.1)
  ffi 2.1.3 (2.1.5 available)
  flutter_lints 3.0.2 (6.0.0 available)
  flutter_local_notifications 17.2.4 (19.5.0 available)
  flutter_local_notifications_linux 4.0.1 (6.0.0 available)
  flutter_local_notifications_platform_interface 7.2.0 (9.1.0 available)
  flutter_timezone 4.1.1 (5.0.1 available)
  http 1.2.2 (1.6.0 available)
  http_parser 4.0.2 (4.1.2 available)
  intl 0.18.1 (0.20.2 available)
> leak_tracker 11.0.2 (was 10.0.7)
> leak_tracker_flutter_testing 3.0.10 (was 3.0.8)
> leak_tracker_testing 3.0.2 (was 3.0.1)
  lints 3.0.0 (6.0.0 available)
> matcher 0.12.17 (was 0.12.16+1) (0.12.18 available)
  material_color_utilities 0.11.1 (0.13.0 available)
> meta 1.17.0 (was 1.15.0)
> path 1.9.1 (was 1.9.0)
  petitparser 6.0.2 (7.0.1 available)
  source_span 1.10.0 (1.10.1 available)
  sqflite 2.3.3+1 (2.4.2 available)
  sqflite_common 2.5.4 (2.5.6 available)
> stack_trace 1.12.1 (was 1.12.0)
> stream_channel 2.1.4 (was 2.1.2)
  string_scanner 1.3.0 (1.4.1 available)
  synchronized 3.1.0+1 (3.4.0 available)
  table_calendar 3.0.9 (3.2.0 available)
  term_glyph 1.2.1 (1.2.2 available)
> test_api 0.7.7 (was 0.7.3) (0.7.9 available)
  timezone 0.9.4 (0.11.0 available)
  typed_data 1.3.2 (1.4.0 available)
> vector_math 2.2.0 (was 2.1.4)
  vm_service 14.3.0 (15.0.2 available)
  web 0.5.1 (1.1.1 available)
  xml 6.5.0 (6.6.1 available)
Changed 14 dependencies!
30 packages have newer versions incompatible with dependency constraints.
Try `flutter pub outdated` for more information.
Running Gradle task 'bundleRelease'...                          
Warning: Flutter support for your project's Gradle version (8.4.0) will soon be dropped. Please upgrade your Gradle version to a version of at least 8.7.0 soon.
Alternatively, use the flag "--android-skip-build-dependency-validation" to bypass this check.

Potential fix: Your project's gradle version is typically defined in the gradle wrapper file. By default, this can be found at /home/runner/work/RemindBuddy/RemindBuddy/frontend/android/gradle/wrapper/gradle-wrapper.properties. 
For more information, see https://docs.gradle.org/current/userguide/gradle_wrapper.html.

Warning: Flutter support for your project's Android Gradle Plugin version (Android Gradle Plugin version 8.1.1) will soon be dropped. Please upgrade your Android Gradle Plugin version to a version of at least Android Gradle Plugin version 8.6.0 soon.
Alternatively, use the flag "--android-skip-build-dependency-validation" to bypass this check.

Potential fix: Your project's AGP version is typically defined in the plugins block of the `settings.gradle` file (/home/runner/work/RemindBuddy/RemindBuddy/frontend/android/settings.gradle), by a plugin with the id of com.android.application. 
If you don't see a plugins block, your project was likely created with an older template version. In this case it is most likely defined in the top-level build.gradle file (/home/runner/work/RemindBuddy/RemindBuddy/frontend/android/build.gradle) by the following line in the dependencies block of the buildscript: "classpath 'com.android.tools.build:gradle:<version>'".

Warning: Flutter support for your project's Kotlin version (1.9.0) will soon be dropped. Please upgrade your Kotlin version to a version of at least 2.1.0 soon.
Alternatively, use the flag "--android-skip-build-dependency-validation" to bypass this check.

Potential fix: Your project's KGP version is typically defined in the plugins block of the `settings.gradle` file (/home/runner/work/RemindBuddy/RemindBuddy/frontend/android/settings.gradle), by a plugin with the id of org.jetbrains.kotlin.android. 
If you don't see a plugins block, your project was likely created with an older template version, in which case it is most likely defined in the top-level build.gradle file (/home/runner/work/RemindBuddy/RemindBuddy/frontend/android/build.gradle) by the ext.kotlin_version property.

Checking the license for package Android SDK Build-Tools 33.0.1 in /usr/local/lib/android/sdk/licenses
License for package Android SDK Build-Tools 33.0.1 accepted.
Preparing "Install Android SDK Build-Tools 33.0.1 v.33.0.1".
"Install Android SDK Build-Tools 33.0.1 v.33.0.1" ready.
Installing Android SDK Build-Tools 33.0.1 in /usr/local/lib/android/sdk/build-tools/33.0.1
"Install Android SDK Build-Tools 33.0.1 v.33.0.1" complete.
"Install Android SDK Build-Tools 33.0.1 v.33.0.1" finished.
Font asset "MaterialIcons-Regular.otf" was tree-shaken, reducing it from 1645184 to 2888 bytes (99.8% reduction). Tree-shaking can be disabled by providing the --no-tree-shake-icons flag when building your app.
Checking the license for package CMake 3.22.1 in /usr/local/lib/android/sdk/licenses
License for package CMake 3.22.1 accepted.
Preparing "Install CMake 3.22.1 v.3.22.1".
"Install CMake 3.22.1 v.3.22.1" ready.
Installing CMake 3.22.1 in /usr/local/lib/android/sdk/cmake/3.22.1
"Install CMake 3.22.1 v.3.22.1" complete.
"Install CMake 3.22.1 v.3.22.1" finished.
ERROR: Missing classes detected while running R8. Please add the missing classes or apply additional keep rules that are generated in /home/runner/work/RemindBuddy/RemindBuddy/frontend/build/app/outputs/mapping/release/missing_rules.txt.
ERROR: R8: Missing class com.google.android.play.core.splitcompat.SplitCompatApplication (referenced from: void io.flutter.embedding.android.FlutterPlayStoreSplitApplication.<init>() and 2 other contexts)
Missing class com.google.android.play.core.splitinstall.SplitInstallException (referenced from: void io.flutter.embedding.engine.deferredcomponents.PlayStoreDeferredComponentManager.lambda$installDeferredComponent$1(int, java.lang.String, java.lang.Exception))
Missing class com.google.android.play.core.splitinstall.SplitInstallManager (referenced from: com.google.android.play.core.splitinstall.SplitInstallManager io.flutter.embedding.engine.deferredcomponents.PlayStoreDeferredComponentManager.splitInstallManager and 5 other contexts)
Missing class com.google.android.play.core.splitinstall.SplitInstallManagerFactory (referenced from: void io.flutter.embedding.engine.deferredcomponents.PlayStoreDeferredComponentManager.<init>(android.content.Context, io.flutter.embedding.engine.FlutterJNI))
Missing class com.google.android.play.core.splitinstall.SplitInstallRequest$Builder (referenced from: void io.flutter.embedding.engine.deferredcomponents.PlayStoreDeferredComponentManager.installDeferredComponent(int, java.lang.String))
Missing class com.google.android.play.core.splitinstall.SplitInstallRequest (referenced from: void io.flutter.embedding.engine.deferredcomponents.PlayStoreDeferredComponentManager.installDeferredComponent(int, java.lang.String))
Missing class com.google.android.play.core.splitinstall.SplitInstallSessionState (referenced from: void io.flutter.embedding.engine.deferredcomponents.PlayStoreDeferredComponentManager$FeatureInstallStateUpdatedListener.onStateUpdate(com.google.android.play.core.splitinstall.SplitInstallSessionState) and 1 other context)
Missing class com.google.android.play.core.splitinstall.SplitInstallStateUpdatedListener (referenced from: void io.flutter.embedding.engine.deferredcomponents.PlayStoreDeferredComponentManager.<init>(android.content.Context, io.flutter.embedding.engine.FlutterJNI) and 2 other contexts)
Missing class com.google.android.play.core.tasks.OnFailureListener (referenced from: void io.flutter.embedding.engine.deferredcomponents.PlayStoreDeferredComponentManager.installDeferredComponent(int, java.lang.String))
Missing class com.google.android.play.core.tasks.OnSuccessListener (referenced from: void io.flutter.embedding.engine.deferredcomponents.PlayStoreDeferredComponentManager.installDeferredComponent(int, java.lang.String))
Missing class com.google.android.play.core.tasks.Task (referenced from: void io.flutter.embedding.engine.deferredcomponents.PlayStoreDeferredComponentManager.installDeferredComponent(int, java.lang.String) and 1 other context)

FAILURE: Build failed with an exception.

* What went wrong:
Execution failed for task ':app:minifyReleaseWithR8'.
> A failure occurred while executing com.android.build.gradle.internal.tasks.R8Task$R8Runnable
   > Compilation failed to complete

* Try:
> Run with --stacktrace option to get the stack trace.
> Run with --info or --debug option to get more log output.
> Run with --scan to get full insights.
> Get more help at https://help.gradle.org.

BUILD FAILED in 5m 18s
Running Gradle task 'bundleRelease'...                            319.2s
Gradle task bundleRelease failed with exit code 1
Failed to build AAB.
Command: flutter build appbundle --release --target-platform=android-arm,android-arm64,android-x64
Reason: Exited with code 1.

ðŸ’¡ Fix Recommendations

â€¢ Check that running `flutter build` with the same command-line arguments
completes successfully by running the following command:

flutter build appbundle --release --target-platform=android-arm,android-arm64,android-x64

If the above command fails, then this is likely not a Shorebird issue and
the underlying `flutter build` failure must be resolved for Shorebird to
build a release.

â€¢ If `flutter build` completes successfully, please ensure that you are
providing the desired flutter version to the release command via 
the `--flutter-version` option. If you do not specify a `--flutter-version`
Shorebird will default to the latest stable version of Flutter.
We strongly encourage always specifying an explicit Flutter version:

shorebird release <platform> --flutter-version=3.29.0

â€¢ If `flutter build` completes successfully and `shorebird release`
fails when using the same flutter version, please file an issue:
https://github.com/shorebirdtech/shorebird/issues/new


If you aren't sure why this command failed, re-run with the --verbose flag to see more information.

You can also [file an issue](https://github.com/shorebirdtech/shorebird/issues/new/choose) if you think this is a bug. Please include the following log file in your report:
/home/runner/.config/shorebird/logs/1767979166660_shorebird.log

Error: Process completed with exit code 70.